172
2 0 2
2 1 9
2 3 4
2 5 16
2 6 8
2 7 37
2 10 22
2 11 39
2 12 77
2 13 19
2 14 30
2 15 36
2 17 29
2 18 26
2 20 24
2 21 42
2 23 25
2 27 31
2 28 32
2 33 43
2 34 41
2 35 38
2 40 45
2 44 46
2 47 118
2 48 49
2 50 51
2 52 57
2 53 54
2 55 56
2 58 59
2 60 62
2 61 70
2 63 65
2 64 66
2 67 68
2 69 74
2 71 72
2 73 78
2 75 76
2 79 80
2 81 82
2 83 85
2 84 87
2 86 88
2 89 90
2 91 96
2 92 94
2 93 95
2 97 98
2 99 100
2 101 106
2 102 103
2 104 107
2 105 110
2 108 115
2 109 114
2 111 124
2 112 116
2 113 117
2 119 123
2 120 126
2 121 125
2 122 128
2 127 129
3 130 132 133
3 131 134 137
3 135 139 140
3 136 142 143
3 138 145 146
3 141 151 153
3 144 148 152
3 147 161 164
3 149 150 157
3 154 171 206
3 155 166 156
3 158 173 179
3 159 160 162
3 163 168 169
3 165 222 167
3 170 177 178
3 172 174 183
3 175 191 202
3 176 180 184
3 181 185 194
3 182 195 209
3 186 187 211
3 188 198 204
3 189 215 241
3 190 192 193
3 196 197 199
3 200 201 228
3 203 205 216
3 207 214 223
3 208 217 220
3 210 224 225
3 212 232 238
3 213 229 247
3 218 226 227
3 219 239 245
3 221 243 244
3 230 233 251
3 231 235 257
3 234 237 248
3 236 246 253
3 240 255 259
3 242 262 265
3 249 250 260
3 252 254 256
3 258 270 272
3 261 284 291
3 263 264 293
3 266 267 269
3 268 273 287
3 271 274 278
3 275 280 289
3 276 283 290
3 277 296 303
3 279 314 331
3 281 285 304
3 282 288 307
3 286 292 294
3 295 308 313
3 297 315 357
3 298 317 323
4 299 321 386 300
4 301 325 335 349
4 302 316 318 327
4 305 320 338 340
4 306 393 398 309
4 310 343 344 355
4 311 346 366 374
4 312 322 383 319
4 324 339 342 354
4 326 404 328 329
4 330 381 413 332
4 333 334 336 337
4 341 350 389 395
4 345 351 368 401
4 347 353 370 379
4 348 359 391 416
4 352 406 418 471
4 356 362 380 435
4 358 378 402 360
4 361 364 373 440
4 363 365 372 412
4 367 377 408 456
4 369 371 375 376
4 382 384 394 428
4 385 392 411 453
4 387 388 390 478
4 396 399 426 465
4 397 409 458 466
4 400 407 424 403
4 405 415 422 469
4 410 476 477 483
4 414 425 488 417
4 419 452 470 420
4 421 457 468 423
4 427 445 460 490
4 429 432 481 487
4 430 436 437 450
4 431 446 491 455
4 433 464 493 496
4 434 485 449 451
4 438 461 498 494
4 439 489 492 441
4 442 443 499 444
4 447 495 463 448
4 454 474 459 462
4 467 472 473 482
4 475 486 484 479